<?xml version="1.0" encoding="UTF-8"?>
<!-- Generated by org.testng.reporters.JUnitReportReporter -->
<testsuite skipped="0" hostname="ip-172-31-4-13" name="Test.Listenertest" tests="1" failures="0" timestamp="26 Feb 2021 05:47:43 GMT" time="0.011" errors="0">
  <testcase name="LoginTest" time="0.011" classname="Test.Listenertest"/>
</testsuite> <!-- Test.Listenertest -->
