<?xml version="1.0" encoding="UTF-8"?>
<!-- Generated by org.testng.reporters.JUnitReportReporter -->
<testsuite skipped="0" hostname="ip-172-31-4-13" name="Test.TDDExample" tests="1" failures="0" timestamp="01 Mar 2021 07:07:59 GMT" time="0.011" errors="0">
  <testcase name="addTest" time="0.011" classname="Test.TDDExample"/>
</testsuite> <!-- Test.TDDExample -->
