<?xml version="1.0" encoding="UTF-8"?>
<!-- Generated by org.testng.reporters.JUnitReportReporter -->
<testsuite skipped="0" hostname="ip-172-31-4-13" name="Test.Testcase1" tests="1" failures="0" timestamp="25 Feb 2021 11:07:14 GMT" time="5.181" errors="0">
  <testcase name="LoginTest" time="5.181" classname="Test.Testcase1"/>
</testsuite> <!-- Test.Testcase1 -->
