<?xml version="1.0" encoding="UTF-8"?>
<!-- Generated by org.testng.reporters.JUnitReportReporter -->
<testsuite skipped="0" hostname="ip-172-31-4-13" name="Simplilearn.Maven.AppTest" tests="1" failures="0" timestamp="01 Mar 2021 04:37:13 GMT" time="0.001" errors="0">
  <testcase name="testApp" time="0.001" classname="Simplilearn.Maven.AppTest"/>
</testsuite> <!-- Simplilearn.Maven.AppTest -->
